Create.
Opening 'am_hal_gcc'.
Refreshing '/am_hal_gcc'.
10:10:58 **** Clean-only build of configuration bin for project am_hal_gcc ****
rm -f am_hal_pwrctrl.o am_hal_sysctrl.d am_hal_uart.d am_hal_mcuctrl.d am_hal_pwrctrl.d am_hal_otp.d am_hal_reset.d am_hal_sysctrl.o libam_hal_gcc.a am_hal_interrupt.o am_hal_gpio.o am_hal_queue.d am_hal_otp.o am_hal_interrupt.d am_hal_ios.o am_hal_flash.d am_hal_iom.d am_hal_wdt.d am_hal_clkgen.o am_hal_i2c_bit_bang.o am_hal_ios.d am_hal_tpiu.o am_hal_wdt.o am_hal_iom.o am_hal_cachectrl.o am_hal_stimer.d am_hal_gpio.d am_hal_systick.d am_hal_ttp.d am_hal_vcomp.o am_hal_tpiu.d am_hal_vcomp.d am_hal_queue.o am_hal_adc.o am_hal_global.o am_hal_debug.o am_hal_systick.o am_hal_ttp.o am_hal_pdm.d am_hal_reset.o am_hal_ctimer.d am_hal_rtc.o am_hal_debug.d am_hal_itm.o am_hal_cachectrl.d am_hal_clkgen.d am_hal_stimer.o am_hal_adc.d am_hal_flash.o am_hal_ctimer.o am_hal_itm.d am_hal_global.d am_hal_rtc.d am_hal_uart.o am_hal_i2c_bit_bang.d am_hal_mcuctrl.o am_hal_pdm.o 

10:10:58 Build Finished (took 779ms)

10:10:58 **** Rebuild of configuration bin for project am_hal_gcc ****
Info: Internal Builder is used for build
arm-atollic-eabi-gcc -c ..\..\am_hal_interrupt.c -mthumb -mcpu=cortex-m4 -std=c99 -DAM_DEBUG_ASSERT -DAM_ASSERT_INVALID_THRESHOLD=0 -DAM_PART_APOLLO2 -IC:/jenkins/jobs/ambiqsuite-checkout/workspace/ambiqsuite-sdk/mcu/apollo2/hal/atollic_gcc/../../../../mcu/apollo2 -IC:/jenkins/jobs/ambiqsuite-checkout/workspace/ambiqsuite-sdk/mcu/apollo2/hal/atollic_gcc/../../../../utils -O3 -ffunction-sections -fdata-sections -g -Wall -mthumb -mcpu=cortex-m4 -mfpu=fpv4-sp-d16 -mfloat-abi=softfp -ffunction-sections -fdata-sections -MMD -MP -O3 -funroll-loops -Dgcc -o am_hal_interrupt.o 
arm-atollic-eabi-gcc -c ..\..\am_hal_debug.c -mthumb -mcpu=cortex-m4 -std=c99 -DAM_DEBUG_ASSERT -DAM_ASSERT_INVALID_THRESHOLD=0 -DAM_PART_APOLLO2 -IC:/jenkins/jobs/ambiqsuite-checkout/workspace/ambiqsuite-sdk/mcu/apollo2/hal/atollic_gcc/../../../../mcu/apollo2 -IC:/jenkins/jobs/ambiqsuite-checkout/workspace/ambiqsuite-sdk/mcu/apollo2/hal/atollic_gcc/../../../../utils -O3 -ffunction-sections -fdata-sections -g -Wall -mthumb -mcpu=cortex-m4 -mfpu=fpv4-sp-d16 -mfloat-abi=softfp -ffunction-sections -fdata-sections -MMD -MP -O3 -funroll-loops -Dgcc -o am_hal_debug.o 
arm-atollic-eabi-gcc -c ..\..\am_hal_flash.c -mthumb -mcpu=cortex-m4 -std=c99 -DAM_DEBUG_ASSERT -DAM_ASSERT_INVALID_THRESHOLD=0 -DAM_PART_APOLLO2 -IC:/jenkins/jobs/ambiqsuite-checkout/workspace/ambiqsuite-sdk/mcu/apollo2/hal/atollic_gcc/../../../../mcu/apollo2 -IC:/jenkins/jobs/ambiqsuite-checkout/workspace/ambiqsuite-sdk/mcu/apollo2/hal/atollic_gcc/../../../../utils -O3 -ffunction-sections -fdata-sections -g -Wall -mthumb -mcpu=cortex-m4 -mfpu=fpv4-sp-d16 -mfloat-abi=softfp -ffunction-sections -fdata-sections -MMD -MP -O3 -funroll-loops -Dgcc -o am_hal_flash.o 
arm-atollic-eabi-gcc -c ..\..\am_hal_ttp.c -mthumb -mcpu=cortex-m4 -std=c99 -DAM_DEBUG_ASSERT -DAM_ASSERT_INVALID_THRESHOLD=0 -DAM_PART_APOLLO2 -IC:/jenkins/jobs/ambiqsuite-checkout/workspace/ambiqsuite-sdk/mcu/apollo2/hal/atollic_gcc/../../../../mcu/apollo2 -IC:/jenkins/jobs/ambiqsuite-checkout/workspace/ambiqsuite-sdk/mcu/apollo2/hal/atollic_gcc/../../../../utils -O3 -ffunction-sections -fdata-sections -g -Wall -mthumb -mcpu=cortex-m4 -mfpu=fpv4-sp-d16 -mfloat-abi=softfp -ffunction-sections -fdata-sections -MMD -MP -O3 -funroll-loops -Dgcc -o am_hal_ttp.o 
arm-atollic-eabi-gcc -c ..\..\am_hal_pdm.c -mthumb -mcpu=cortex-m4 -std=c99 -DAM_DEBUG_ASSERT -DAM_ASSERT_INVALID_THRESHOLD=0 -DAM_PART_APOLLO2 -IC:/jenkins/jobs/ambiqsuite-checkout/workspace/ambiqsuite-sdk/mcu/apollo2/hal/atollic_gcc/../../../../mcu/apollo2 -IC:/jenkins/jobs/ambiqsuite-checkout/workspace/ambiqsuite-sdk/mcu/apollo2/hal/atollic_gcc/../../../../utils -O3 -ffunction-sections -fdata-sections -g -Wall -mthumb -mcpu=cortex-m4 -mfpu=fpv4-sp-d16 -mfloat-abi=softfp -ffunction-sections -fdata-sections -MMD -MP -O3 -funroll-loops -Dgcc -o am_hal_pdm.o 
arm-atollic-eabi-gcc -c ..\..\am_hal_vcomp.c -mthumb -mcpu=cortex-m4 -std=c99 -DAM_DEBUG_ASSERT -DAM_ASSERT_INVALID_THRESHOLD=0 -DAM_PART_APOLLO2 -IC:/jenkins/jobs/ambiqsuite-checkout/workspace/ambiqsuite-sdk/mcu/apollo2/hal/atollic_gcc/../../../../mcu/apollo2 -IC:/jenkins/jobs/ambiqsuite-checkout/workspace/ambiqsuite-sdk/mcu/apollo2/hal/atollic_gcc/../../../../utils -O3 -ffunction-sections -fdata-sections -g -Wall -mthumb -mcpu=cortex-m4 -mfpu=fpv4-sp-d16 -mfloat-abi=softfp -ffunction-sections -fdata-sections -MMD -MP -O3 -funroll-loops -Dgcc -o am_hal_vcomp.o 
arm-atollic-eabi-gcc -c ..\..\am_hal_wdt.c -mthumb -mcpu=cortex-m4 -std=c99 -DAM_DEBUG_ASSERT -DAM_ASSERT_INVALID_THRESHOLD=0 -DAM_PART_APOLLO2 -IC:/jenkins/jobs/ambiqsuite-checkout/workspace/ambiqsuite-sdk/mcu/apollo2/hal/atollic_gcc/../../../../mcu/apollo2 -IC:/jenkins/jobs/ambiqsuite-checkout/workspace/ambiqsuite-sdk/mcu/apollo2/hal/atollic_gcc/../../../../utils -O3 -ffunction-sections -fdata-sections -g -Wall -mthumb -mcpu=cortex-m4 -mfpu=fpv4-sp-d16 -mfloat-abi=softfp -ffunction-sections -fdata-sections -MMD -MP -O3 -funroll-loops -Dgcc -o am_hal_wdt.o 
arm-atollic-eabi-gcc -c ..\..\am_hal_clkgen.c -mthumb -mcpu=cortex-m4 -std=c99 -DAM_DEBUG_ASSERT -DAM_ASSERT_INVALID_THRESHOLD=0 -DAM_PART_APOLLO2 -IC:/jenkins/jobs/ambiqsuite-checkout/workspace/ambiqsuite-sdk/mcu/apollo2/hal/atollic_gcc/../../../../mcu/apollo2 -IC:/jenkins/jobs/ambiqsuite-checkout/workspace/ambiqsuite-sdk/mcu/apollo2/hal/atollic_gcc/../../../../utils -O3 -ffunction-sections -fdata-sections -g -Wall -mthumb -mcpu=cortex-m4 -mfpu=fpv4-sp-d16 -mfloat-abi=softfp -ffunction-sections -fdata-sections -MMD -MP -O3 -funroll-loops -Dgcc -o am_hal_clkgen.o 
arm-atollic-eabi-gcc -c ..\..\am_hal_gpio.c -mthumb -mcpu=cortex-m4 -std=c99 -DAM_DEBUG_ASSERT -DAM_ASSERT_INVALID_THRESHOLD=0 -DAM_PART_APOLLO2 -IC:/jenkins/jobs/ambiqsuite-checkout/workspace/ambiqsuite-sdk/mcu/apollo2/hal/atollic_gcc/../../../../mcu/apollo2 -IC:/jenkins/jobs/ambiqsuite-checkout/workspace/ambiqsuite-sdk/mcu/apollo2/hal/atollic_gcc/../../../../utils -O3 -ffunction-sections -fdata-sections -g -Wall -mthumb -mcpu=cortex-m4 -mfpu=fpv4-sp-d16 -mfloat-abi=softfp -ffunction-sections -fdata-sections -MMD -MP -O3 -funroll-loops -Dgcc -o am_hal_gpio.o 
arm-atollic-eabi-gcc -c ..\..\am_hal_sysctrl.c -mthumb -mcpu=cortex-m4 -std=c99 -DAM_DEBUG_ASSERT -DAM_ASSERT_INVALID_THRESHOLD=0 -DAM_PART_APOLLO2 -IC:/jenkins/jobs/ambiqsuite-checkout/workspace/ambiqsuite-sdk/mcu/apollo2/hal/atollic_gcc/../../../../mcu/apollo2 -IC:/jenkins/jobs/ambiqsuite-checkout/workspace/ambiqsuite-sdk/mcu/apollo2/hal/atollic_gcc/../../../../utils -O3 -ffunction-sections -fdata-sections -g -Wall -mthumb -mcpu=cortex-m4 -mfpu=fpv4-sp-d16 -mfloat-abi=softfp -ffunction-sections -fdata-sections -MMD -MP -O3 -funroll-loops -Dgcc -o am_hal_sysctrl.o 
arm-atollic-eabi-gcc -c ..\..\am_hal_ctimer.c -mthumb -mcpu=cortex-m4 -std=c99 -DAM_DEBUG_ASSERT -DAM_ASSERT_INVALID_THRESHOLD=0 -DAM_PART_APOLLO2 -IC:/jenkins/jobs/ambiqsuite-checkout/workspace/ambiqsuite-sdk/mcu/apollo2/hal/atollic_gcc/../../../../mcu/apollo2 -IC:/jenkins/jobs/ambiqsuite-checkout/workspace/ambiqsuite-sdk/mcu/apollo2/hal/atollic_gcc/../../../../utils -O3 -ffunction-sections -fdata-sections -g -Wall -mthumb -mcpu=cortex-m4 -mfpu=fpv4-sp-d16 -mfloat-abi=softfp -ffunction-sections -fdata-sections -MMD -MP -O3 -funroll-loops -Dgcc -o am_hal_ctimer.o 
arm-atollic-eabi-gcc -c ..\..\am_hal_otp.c -mthumb -mcpu=cortex-m4 -std=c99 -DAM_DEBUG_ASSERT -DAM_ASSERT_INVALID_THRESHOLD=0 -DAM_PART_APOLLO2 -IC:/jenkins/jobs/ambiqsuite-checkout/workspace/ambiqsuite-sdk/mcu/apollo2/hal/atollic_gcc/../../../../mcu/apollo2 -IC:/jenkins/jobs/ambiqsuite-checkout/workspace/ambiqsuite-sdk/mcu/apollo2/hal/atollic_gcc/../../../../utils -O3 -ffunction-sections -fdata-sections -g -Wall -mthumb -mcpu=cortex-m4 -mfpu=fpv4-sp-d16 -mfloat-abi=softfp -ffunction-sections -fdata-sections -MMD -MP -O3 -funroll-loops -Dgcc -o am_hal_otp.o 
arm-atollic-eabi-gcc -c ..\..\am_hal_queue.c -mthumb -mcpu=cortex-m4 -std=c99 -DAM_DEBUG_ASSERT -DAM_ASSERT_INVALID_THRESHOLD=0 -DAM_PART_APOLLO2 -IC:/jenkins/jobs/ambiqsuite-checkout/workspace/ambiqsuite-sdk/mcu/apollo2/hal/atollic_gcc/../../../../mcu/apollo2 -IC:/jenkins/jobs/ambiqsuite-checkout/workspace/ambiqsuite-sdk/mcu/apollo2/hal/atollic_gcc/../../../../utils -O3 -ffunction-sections -fdata-sections -g -Wall -mthumb -mcpu=cortex-m4 -mfpu=fpv4-sp-d16 -mfloat-abi=softfp -ffunction-sections -fdata-sections -MMD -MP -O3 -funroll-loops -Dgcc -o am_hal_queue.o 
arm-atollic-eabi-gcc -c ..\..\am_hal_systick.c -mthumb -mcpu=cortex-m4 -std=c99 -DAM_DEBUG_ASSERT -DAM_ASSERT_INVALID_THRESHOLD=0 -DAM_PART_APOLLO2 -IC:/jenkins/jobs/ambiqsuite-checkout/workspace/ambiqsuite-sdk/mcu/apollo2/hal/atollic_gcc/../../../../mcu/apollo2 -IC:/jenkins/jobs/ambiqsuite-checkout/workspace/ambiqsuite-sdk/mcu/apollo2/hal/atollic_gcc/../../../../utils -O3 -ffunction-sections -fdata-sections -g -Wall -mthumb -mcpu=cortex-m4 -mfpu=fpv4-sp-d16 -mfloat-abi=softfp -ffunction-sections -fdata-sections -MMD -MP -O3 -funroll-loops -Dgcc -o am_hal_systick.o 
arm-atollic-eabi-gcc -c ..\..\am_hal_stimer.c -mthumb -mcpu=cortex-m4 -std=c99 -DAM_DEBUG_ASSERT -DAM_ASSERT_INVALID_THRESHOLD=0 -DAM_PART_APOLLO2 -IC:/jenkins/jobs/ambiqsuite-checkout/workspace/ambiqsuite-sdk/mcu/apollo2/hal/atollic_gcc/../../../../mcu/apollo2 -IC:/jenkins/jobs/ambiqsuite-checkout/workspace/ambiqsuite-sdk/mcu/apollo2/hal/atollic_gcc/../../../../utils -O3 -ffunction-sections -fdata-sections -g -Wall -mthumb -mcpu=cortex-m4 -mfpu=fpv4-sp-d16 -mfloat-abi=softfp -ffunction-sections -fdata-sections -MMD -MP -O3 -funroll-loops -Dgcc -o am_hal_stimer.o 
arm-atollic-eabi-gcc -c ..\..\am_hal_i2c_bit_bang.c -mthumb -mcpu=cortex-m4 -std=c99 -DAM_DEBUG_ASSERT -DAM_ASSERT_INVALID_THRESHOLD=0 -DAM_PART_APOLLO2 -IC:/jenkins/jobs/ambiqsuite-checkout/workspace/ambiqsuite-sdk/mcu/apollo2/hal/atollic_gcc/../../../../mcu/apollo2 -IC:/jenkins/jobs/ambiqsuite-checkout/workspace/ambiqsuite-sdk/mcu/apollo2/hal/atollic_gcc/../../../../utils -O3 -ffunction-sections -fdata-sections -g -Wall -mthumb -mcpu=cortex-m4 -mfpu=fpv4-sp-d16 -mfloat-abi=softfp -ffunction-sections -fdata-sections -MMD -MP -O3 -funroll-loops -Dgcc -o am_hal_i2c_bit_bang.o 
arm-atollic-eabi-gcc -c ..\..\am_hal_reset.c -mthumb -mcpu=cortex-m4 -std=c99 -DAM_DEBUG_ASSERT -DAM_ASSERT_INVALID_THRESHOLD=0 -DAM_PART_APOLLO2 -IC:/jenkins/jobs/ambiqsuite-checkout/workspace/ambiqsuite-sdk/mcu/apollo2/hal/atollic_gcc/../../../../mcu/apollo2 -IC:/jenkins/jobs/ambiqsuite-checkout/workspace/ambiqsuite-sdk/mcu/apollo2/hal/atollic_gcc/../../../../utils -O3 -ffunction-sections -fdata-sections -g -Wall -mthumb -mcpu=cortex-m4 -mfpu=fpv4-sp-d16 -mfloat-abi=softfp -ffunction-sections -fdata-sections -MMD -MP -O3 -funroll-loops -Dgcc -o am_hal_reset.o 
arm-atollic-eabi-gcc -c ..\..\am_hal_tpiu.c -mthumb -mcpu=cortex-m4 -std=c99 -DAM_DEBUG_ASSERT -DAM_ASSERT_INVALID_THRESHOLD=0 -DAM_PART_APOLLO2 -IC:/jenkins/jobs/ambiqsuite-checkout/workspace/ambiqsuite-sdk/mcu/apollo2/hal/atollic_gcc/../../../../mcu/apollo2 -IC:/jenkins/jobs/ambiqsuite-checkout/workspace/ambiqsuite-sdk/mcu/apollo2/hal/atollic_gcc/../../../../utils -O3 -ffunction-sections -fdata-sections -g -Wall -mthumb -mcpu=cortex-m4 -mfpu=fpv4-sp-d16 -mfloat-abi=softfp -ffunction-sections -fdata-sections -MMD -MP -O3 -funroll-loops -Dgcc -o am_hal_tpiu.o 
arm-atollic-eabi-gcc -c ..\..\am_hal_itm.c -mthumb -mcpu=cortex-m4 -std=c99 -DAM_DEBUG_ASSERT -DAM_ASSERT_INVALID_THRESHOLD=0 -DAM_PART_APOLLO2 -IC:/jenkins/jobs/ambiqsuite-checkout/workspace/ambiqsuite-sdk/mcu/apollo2/hal/atollic_gcc/../../../../mcu/apollo2 -IC:/jenkins/jobs/ambiqsuite-checkout/workspace/ambiqsuite-sdk/mcu/apollo2/hal/atollic_gcc/../../../../utils -O3 -ffunction-sections -fdata-sections -g -Wall -mthumb -mcpu=cortex-m4 -mfpu=fpv4-sp-d16 -mfloat-abi=softfp -ffunction-sections -fdata-sections -MMD -MP -O3 -funroll-loops -Dgcc -o am_hal_itm.o 
arm-atollic-eabi-gcc -c ..\..\am_hal_rtc.c -mthumb -mcpu=cortex-m4 -std=c99 -DAM_DEBUG_ASSERT -DAM_ASSERT_INVALID_THRESHOLD=0 -DAM_PART_APOLLO2 -IC:/jenkins/jobs/ambiqsuite-checkout/workspace/ambiqsuite-sdk/mcu/apollo2/hal/atollic_gcc/../../../../mcu/apollo2 -IC:/jenkins/jobs/ambiqsuite-checkout/workspace/ambiqsuite-sdk/mcu/apollo2/hal/atollic_gcc/../../../../utils -O3 -ffunction-sections -fdata-sections -g -Wall -mthumb -mcpu=cortex-m4 -mfpu=fpv4-sp-d16 -mfloat-abi=softfp -ffunction-sections -fdata-sections -MMD -MP -O3 -funroll-loops -Dgcc -o am_hal_rtc.o 
arm-atollic-eabi-gcc -c ..\..\am_hal_adc.c -mthumb -mcpu=cortex-m4 -std=c99 -DAM_DEBUG_ASSERT -DAM_ASSERT_INVALID_THRESHOLD=0 -DAM_PART_APOLLO2 -IC:/jenkins/jobs/ambiqsuite-checkout/workspace/ambiqsuite-sdk/mcu/apollo2/hal/atollic_gcc/../../../../mcu/apollo2 -IC:/jenkins/jobs/ambiqsuite-checkout/workspace/ambiqsuite-sdk/mcu/apollo2/hal/atollic_gcc/../../../../utils -O3 -ffunction-sections -fdata-sections -g -Wall -mthumb -mcpu=cortex-m4 -mfpu=fpv4-sp-d16 -mfloat-abi=softfp -ffunction-sections -fdata-sections -MMD -MP -O3 -funroll-loops -Dgcc -o am_hal_adc.o 
arm-atollic-eabi-gcc -c ..\..\am_hal_global.c -mthumb -mcpu=cortex-m4 -std=c99 -DAM_DEBUG_ASSERT -DAM_ASSERT_INVALID_THRESHOLD=0 -DAM_PART_APOLLO2 -IC:/jenkins/jobs/ambiqsuite-checkout/workspace/ambiqsuite-sdk/mcu/apollo2/hal/atollic_gcc/../../../../mcu/apollo2 -IC:/jenkins/jobs/ambiqsuite-checkout/workspace/ambiqsuite-sdk/mcu/apollo2/hal/atollic_gcc/../../../../utils -O3 -ffunction-sections -fdata-sections -g -Wall -mthumb -mcpu=cortex-m4 -mfpu=fpv4-sp-d16 -mfloat-abi=softfp -ffunction-sections -fdata-sections -MMD -MP -O3 -funroll-loops -Dgcc -o am_hal_global.o 
arm-atollic-eabi-gcc -c ..\..\am_hal_uart.c -mthumb -mcpu=cortex-m4 -std=c99 -DAM_DEBUG_ASSERT -DAM_ASSERT_INVALID_THRESHOLD=0 -DAM_PART_APOLLO2 -IC:/jenkins/jobs/ambiqsuite-checkout/workspace/ambiqsuite-sdk/mcu/apollo2/hal/atollic_gcc/../../../../mcu/apollo2 -IC:/jenkins/jobs/ambiqsuite-checkout/workspace/ambiqsuite-sdk/mcu/apollo2/hal/atollic_gcc/../../../../utils -O3 -ffunction-sections -fdata-sections -g -Wall -mthumb -mcpu=cortex-m4 -mfpu=fpv4-sp-d16 -mfloat-abi=softfp -ffunction-sections -fdata-sections -MMD -MP -O3 -funroll-loops -Dgcc -o am_hal_uart.o 
arm-atollic-eabi-gcc -c ..\..\am_hal_pwrctrl.c -mthumb -mcpu=cortex-m4 -std=c99 -DAM_DEBUG_ASSERT -DAM_ASSERT_INVALID_THRESHOLD=0 -DAM_PART_APOLLO2 -IC:/jenkins/jobs/ambiqsuite-checkout/workspace/ambiqsuite-sdk/mcu/apollo2/hal/atollic_gcc/../../../../mcu/apollo2 -IC:/jenkins/jobs/ambiqsuite-checkout/workspace/ambiqsuite-sdk/mcu/apollo2/hal/atollic_gcc/../../../../utils -O3 -ffunction-sections -fdata-sections -g -Wall -mthumb -mcpu=cortex-m4 -mfpu=fpv4-sp-d16 -mfloat-abi=softfp -ffunction-sections -fdata-sections -MMD -MP -O3 -funroll-loops -Dgcc -o am_hal_pwrctrl.o 
arm-atollic-eabi-gcc -c ..\..\am_hal_mcuctrl.c -mthumb -mcpu=cortex-m4 -std=c99 -DAM_DEBUG_ASSERT -DAM_ASSERT_INVALID_THRESHOLD=0 -DAM_PART_APOLLO2 -IC:/jenkins/jobs/ambiqsuite-checkout/workspace/ambiqsuite-sdk/mcu/apollo2/hal/atollic_gcc/../../../../mcu/apollo2 -IC:/jenkins/jobs/ambiqsuite-checkout/workspace/ambiqsuite-sdk/mcu/apollo2/hal/atollic_gcc/../../../../utils -O3 -ffunction-sections -fdata-sections -g -Wall -mthumb -mcpu=cortex-m4 -mfpu=fpv4-sp-d16 -mfloat-abi=softfp -ffunction-sections -fdata-sections -MMD -MP -O3 -funroll-loops -Dgcc -o am_hal_mcuctrl.o 
arm-atollic-eabi-gcc -c ..\..\am_hal_ios.c -mthumb -mcpu=cortex-m4 -std=c99 -DAM_DEBUG_ASSERT -DAM_ASSERT_INVALID_THRESHOLD=0 -DAM_PART_APOLLO2 -IC:/jenkins/jobs/ambiqsuite-checkout/workspace/ambiqsuite-sdk/mcu/apollo2/hal/atollic_gcc/../../../../mcu/apollo2 -IC:/jenkins/jobs/ambiqsuite-checkout/workspace/ambiqsuite-sdk/mcu/apollo2/hal/atollic_gcc/../../../../utils -O3 -ffunction-sections -fdata-sections -g -Wall -mthumb -mcpu=cortex-m4 -mfpu=fpv4-sp-d16 -mfloat-abi=softfp -ffunction-sections -fdata-sections -MMD -MP -O3 -funroll-loops -Dgcc -o am_hal_ios.o 
arm-atollic-eabi-gcc -c ..\..\am_hal_iom.c -mthumb -mcpu=cortex-m4 -std=c99 -DAM_DEBUG_ASSERT -DAM_ASSERT_INVALID_THRESHOLD=0 -DAM_PART_APOLLO2 -IC:/jenkins/jobs/ambiqsuite-checkout/workspace/ambiqsuite-sdk/mcu/apollo2/hal/atollic_gcc/../../../../mcu/apollo2 -IC:/jenkins/jobs/ambiqsuite-checkout/workspace/ambiqsuite-sdk/mcu/apollo2/hal/atollic_gcc/../../../../utils -O3 -ffunction-sections -fdata-sections -g -Wall -mthumb -mcpu=cortex-m4 -mfpu=fpv4-sp-d16 -mfloat-abi=softfp -ffunction-sections -fdata-sections -MMD -MP -O3 -funroll-loops -Dgcc -o am_hal_iom.o 
arm-atollic-eabi-gcc -c ..\..\am_hal_cachectrl.c -mthumb -mcpu=cortex-m4 -std=c99 -DAM_DEBUG_ASSERT -DAM_ASSERT_INVALID_THRESHOLD=0 -DAM_PART_APOLLO2 -IC:/jenkins/jobs/ambiqsuite-checkout/workspace/ambiqsuite-sdk/mcu/apollo2/hal/atollic_gcc/../../../../mcu/apollo2 -IC:/jenkins/jobs/ambiqsuite-checkout/workspace/ambiqsuite-sdk/mcu/apollo2/hal/atollic_gcc/../../../../utils -O3 -ffunction-sections -fdata-sections -g -Wall -mthumb -mcpu=cortex-m4 -mfpu=fpv4-sp-d16 -mfloat-abi=softfp -ffunction-sections -fdata-sections -MMD -MP -O3 -funroll-loops -Dgcc -o am_hal_cachectrl.o 
arm-atollic-eabi-ar -rsvc libam_hal_gcc.a am_hal_adc.o am_hal_cachectrl.o am_hal_clkgen.o am_hal_ctimer.o am_hal_debug.o am_hal_flash.o am_hal_global.o am_hal_gpio.o am_hal_i2c_bit_bang.o am_hal_interrupt.o am_hal_iom.o am_hal_ios.o am_hal_itm.o am_hal_mcuctrl.o am_hal_otp.o am_hal_pdm.o am_hal_pwrctrl.o am_hal_queue.o am_hal_reset.o am_hal_rtc.o am_hal_stimer.o am_hal_sysctrl.o am_hal_systick.o am_hal_tpiu.o am_hal_ttp.o am_hal_uart.o am_hal_vcomp.o am_hal_wdt.o 
a - am_hal_adc.o
a - am_hal_cachectrl.o
a - am_hal_clkgen.o
a - am_hal_ctimer.o
a - am_hal_debug.o
a - am_hal_flash.o
a - am_hal_global.o
a - am_hal_gpio.o
a - am_hal_i2c_bit_bang.o
a - am_hal_interrupt.o
a - am_hal_iom.o
a - am_hal_ios.o
a - am_hal_itm.o
a - am_hal_mcuctrl.o
a - am_hal_otp.o
a - am_hal_pdm.o
a - am_hal_pwrctrl.o
a - am_hal_queue.o
a - am_hal_reset.o
a - am_hal_rtc.o
a - am_hal_stimer.o
a - am_hal_sysctrl.o
a - am_hal_systick.o
a - am_hal_tpiu.o
a - am_hal_ttp.o
a - am_hal_uart.o
a - am_hal_vcomp.o
a - am_hal_wdt.o
Info: Parallel threads used: 4

10:11:12 Build Finished (took 13s.165ms)

