Create.
Opening 'ios_fifo_host_gcc'.
Refreshing '/ios_fifo_host_gcc'.
10:59:34 **** Clean-only build of configuration bin for project ios_fifo_host_gcc ****
"\\usr\\bin\\rm" -rf src/ios_fifo_host.o utils/am_util_delay.d startup_gcc.o ios_fifo_host_gcc src/ios_fifo_host.d utils/am_util_delay.o ios_fifo_host_gcc.elf utils/am_util_stdio.d utils/am_util_stdio.o startup_gcc.d 
Cannot run program "\usr\bin\rm": Launching failed

Error: Program "\usr\bin\rm" not found in PATH
PATH=[C:\Program Files (x86)\Atollic\TrueSTUDIO for ARM 7.1.0\ARMTools\bin;C:\Program Files (x86)\Atollic\TrueSTUDIO for ARM 7.1.0\Tools;C:/Program Files (x86)/Atollic/TrueSTUDIO for ARM 7.1.0/ide/jre/bin/client;C:/Program Files (x86)/Atollic/TrueSTUDIO for ARM 7.1.0/ide/jre/bin;C:/Program Files (x86)/Atollic/TrueSTUDIO for ARM 7.1.0/ide/jre/lib/i386;C:\Program Files (x86)\WiX Toolset v3.8\bin;C:\AmbiqMicro\GCC\msys\bin;C:\ProgramData\Oracle\Java\javapath;C:\Windows\system32;C:\Windows;C:\Windows\System32\Wbem;C:\Windows\System32\WindowsPowerShell\v1.0;C:\Program Files (x86)\PuTTY;C:\cygwin\bin;C:\Program Files\TortoiseSVN\bin;C:\subversion\bin;C:\Python34;C:\doxygen\bin;C:\jenkins\backup\ambiqsuite-windows-installer\Tools\LaunchpadGCC\bin;C:\Keil_v5\UV4;C:\git\bin;C:\Program Files\Microsoft SQL Server\110\Tools\Binn;C:\AmbiqMicro\GCC\LaunchpadGCC\bin;C:\Program Files (x86)\IAR Systems\Embedded Workbench 8.0\common\bin;C:\Program Files (x86)\Notepad++;C:\Program Files (x86)\Atollic\TrueSTUDIO for ARM 7.1.0\ide\jre\bin\client;C:\Program Files (x86)\Atollic\TrueSTUDIO for ARM 7.1.0\ide\jre\bin;C:\Program Files (x86)\Atollic\TrueSTUDIO for ARM 7.1.0\ide\jre\lib\i386;C:\Program Files (x86)\Atollic\TrueSTUDIO for ARM 7.1.0\ide;C:\jenkins\jobs\ambiqsuite-checkout\workspace\ambiqsuite-sdk\boards\apollo2_evb\examples\ios_fifo_host\atollic_gcc]


10:59:34 Build Finished (took 62ms)

10:59:34 **** Clean-only build of configuration bin for project ios_fifo_host_gcc ****

10:59:34 Build Finished (took 8ms)

10:59:34 **** Rebuild of configuration bin for project ios_fifo_host_gcc ****
Info: Internal Builder is used for build
arm-atollic-eabi-gcc -c ..\startup_gcc.c -mthumb -std=c99 -DAM_PACKAGE_BGA -DAM_PART_APOLLO2 -IC:/jenkins/jobs/ambiqsuite-checkout/workspace/ambiqsuite-sdk/boards/apollo2_evb/examples/ios_fifo_host/atollic_gcc/../src -IC:/jenkins/jobs/ambiqsuite-checkout/workspace/ambiqsuite-sdk/boards/apollo2_evb/examples/ios_fifo_host/atollic_gcc/../../../../../boards/apollo2_evb/bsp -IC:/jenkins/jobs/ambiqsuite-checkout/workspace/ambiqsuite-sdk/boards/apollo2_evb/examples/ios_fifo_host/atollic_gcc/../../../../.. -IC:/jenkins/jobs/ambiqsuite-checkout/workspace/ambiqsuite-sdk/boards/apollo2_evb/examples/ios_fifo_host/atollic_gcc/../../../../../utils -IC:/jenkins/jobs/ambiqsuite-checkout/workspace/ambiqsuite-sdk/boards/apollo2_evb/examples/ios_fifo_host/atollic_gcc/../../../../../devices -IC:/jenkins/jobs/ambiqsuite-checkout/workspace/ambiqsuite-sdk/boards/apollo2_evb/examples/ios_fifo_host/atollic_gcc/../../../../../mcu/apollo2 -O0 -g -Wall -mthumb -mcpu=cortex-m4 -mfpu=fpv4-sp-d16 -mfloat-abi=softfp -ffunction-sections -fdata-sections -MMD -MP -O0 -Dgcc -o startup_gcc.o 
arm-atollic-eabi-gcc -c ..\..\..\..\..\..\utils\am_util_stdio.c -mthumb -std=c99 -DAM_PACKAGE_BGA -DAM_PART_APOLLO2 -IC:/jenkins/jobs/ambiqsuite-checkout/workspace/ambiqsuite-sdk/boards/apollo2_evb/examples/ios_fifo_host/atollic_gcc/../src -IC:/jenkins/jobs/ambiqsuite-checkout/workspace/ambiqsuite-sdk/boards/apollo2_evb/examples/ios_fifo_host/atollic_gcc/../../../../../boards/apollo2_evb/bsp -IC:/jenkins/jobs/ambiqsuite-checkout/workspace/ambiqsuite-sdk/boards/apollo2_evb/examples/ios_fifo_host/atollic_gcc/../../../../.. -IC:/jenkins/jobs/ambiqsuite-checkout/workspace/ambiqsuite-sdk/boards/apollo2_evb/examples/ios_fifo_host/atollic_gcc/../../../../../utils -IC:/jenkins/jobs/ambiqsuite-checkout/workspace/ambiqsuite-sdk/boards/apollo2_evb/examples/ios_fifo_host/atollic_gcc/../../../../../devices -IC:/jenkins/jobs/ambiqsuite-checkout/workspace/ambiqsuite-sdk/boards/apollo2_evb/examples/ios_fifo_host/atollic_gcc/../../../../../mcu/apollo2 -O0 -g -Wall -mthumb -mcpu=cortex-m4 -mfpu=fpv4-sp-d16 -mfloat-abi=softfp -ffunction-sections -fdata-sections -MMD -MP -O0 -Dgcc -o utils\am_util_stdio.o 
arm-atollic-eabi-gcc -c ..\..\..\..\..\..\utils\am_util_delay.c -mthumb -std=c99 -DAM_PACKAGE_BGA -DAM_PART_APOLLO2 -IC:/jenkins/jobs/ambiqsuite-checkout/workspace/ambiqsuite-sdk/boards/apollo2_evb/examples/ios_fifo_host/atollic_gcc/../src -IC:/jenkins/jobs/ambiqsuite-checkout/workspace/ambiqsuite-sdk/boards/apollo2_evb/examples/ios_fifo_host/atollic_gcc/../../../../../boards/apollo2_evb/bsp -IC:/jenkins/jobs/ambiqsuite-checkout/workspace/ambiqsuite-sdk/boards/apollo2_evb/examples/ios_fifo_host/atollic_gcc/../../../../.. -IC:/jenkins/jobs/ambiqsuite-checkout/workspace/ambiqsuite-sdk/boards/apollo2_evb/examples/ios_fifo_host/atollic_gcc/../../../../../utils -IC:/jenkins/jobs/ambiqsuite-checkout/workspace/ambiqsuite-sdk/boards/apollo2_evb/examples/ios_fifo_host/atollic_gcc/../../../../../devices -IC:/jenkins/jobs/ambiqsuite-checkout/workspace/ambiqsuite-sdk/boards/apollo2_evb/examples/ios_fifo_host/atollic_gcc/../../../../../mcu/apollo2 -O0 -g -Wall -mthumb -mcpu=cortex-m4 -mfpu=fpv4-sp-d16 -mfloat-abi=softfp -ffunction-sections -fdata-sections -MMD -MP -O0 -Dgcc -o utils\am_util_delay.o 
arm-atollic-eabi-gcc -c ..\..\src\ios_fifo_host.c -mthumb -std=c99 -DAM_PACKAGE_BGA -DAM_PART_APOLLO2 -IC:/jenkins/jobs/ambiqsuite-checkout/workspace/ambiqsuite-sdk/boards/apollo2_evb/examples/ios_fifo_host/atollic_gcc/../src -IC:/jenkins/jobs/ambiqsuite-checkout/workspace/ambiqsuite-sdk/boards/apollo2_evb/examples/ios_fifo_host/atollic_gcc/../../../../../boards/apollo2_evb/bsp -IC:/jenkins/jobs/ambiqsuite-checkout/workspace/ambiqsuite-sdk/boards/apollo2_evb/examples/ios_fifo_host/atollic_gcc/../../../../.. -IC:/jenkins/jobs/ambiqsuite-checkout/workspace/ambiqsuite-sdk/boards/apollo2_evb/examples/ios_fifo_host/atollic_gcc/../../../../../utils -IC:/jenkins/jobs/ambiqsuite-checkout/workspace/ambiqsuite-sdk/boards/apollo2_evb/examples/ios_fifo_host/atollic_gcc/../../../../../devices -IC:/jenkins/jobs/ambiqsuite-checkout/workspace/ambiqsuite-sdk/boards/apollo2_evb/examples/ios_fifo_host/atollic_gcc/../../../../../mcu/apollo2 -O0 -g -Wall -mthumb -mcpu=cortex-m4 -mfpu=fpv4-sp-d16 -mfloat-abi=softfp -ffunction-sections -fdata-sections -MMD -MP -O0 -Dgcc -o src\ios_fifo_host.o 
arm-atollic-eabi-gcc -o ios_fifo_host_gcc.elf src\ios_fifo_host.o startup_gcc.o utils\am_util_delay.o utils\am_util_stdio.o ..\..\..\..\bsp\atollic_gcc\bin\libam_bsp_gcc.a ..\..\..\..\..\..\mcu\apollo2\hal\atollic_gcc\bin\libam_hal_gcc.a -TC:/jenkins/jobs/ambiqsuite-checkout/workspace/ambiqsuite-sdk/boards/apollo2_evb/examples/ios_fifo_host/atollic_gcc/ios_fifo_host.ld -mthumb -mcpu=cortex-m4 -mfpu=fpv4-sp-d16 -mfloat-abi=softfp -nostartfiles -static -Wl,--gc-sections,--entry,am_reset_isr,-Map,C:/jenkins/jobs/ambiqsuite-checkout/workspace/ambiqsuite-sdk/boards/apollo2_evb/examples/ios_fifo_host/atollic_gcc/bin/ios_fifo_host_gcc.map -Wl,--start-group -lm -lc -lgcc -Wl,--end-group 
C:\Program Files (x86)\Atollic\TrueSTUDIO for ARM 7.1.0\ide\jre\bin\java -jar C:\Program Files (x86)\Atollic\TrueSTUDIO for ARM 7.1.0\Tools\arm-atollic-reports.jar sizeinfo list C:\jenkins\jobs\ambiqsuite-checkout\workspace\ambiqsuite-sdk\boards\apollo2_evb\examples\ios_fifo_host\atollic_gcc\bin\ios_fifo_host_gcc.elf 
Generate build reports...
Print size information
   text	   data	    bss	    dec	    hex	filename
  25712	    108	   6132	  31952	   7cd0	C:\jenkins\jobs\ambiqsuite-checkout\workspace\ambiqsuite-sdk\boards\apollo2_evb\examples\ios_fifo_host\atollic_gcc\bin\ios_fifo_host_gcc.elf
Print size information done
Generate listing file
Output sent to: C:\jenkins\jobs\ambiqsuite-checkout\workspace\ambiqsuite-sdk\boards\apollo2_evb\examples\ios_fifo_host\atollic_gcc\bin\ios_fifo_host_gcc.list
Generate listing file done
Generate build reports done
arm-atollic-eabi-objcopy -Obinary ios_fifo_host_gcc.elf ios_fifo_host_gcc.bin 
Info: Parallel threads used: 3

10:59:35 Build Finished (took 1s.111ms)

