Create.
Opening 'uart_fifo_timeout_gcc'.
Refreshing '/uart_fifo_timeout_gcc'.
11:01:41 **** Clean-only build of configuration bin for project uart_fifo_timeout_gcc ****
"\\usr\\bin\\rm" -rf src/uart_fifo_timeout.o utils/am_util_delay.o startup_gcc.o utils/am_util_faultisr.d utils/am_util_delay.d startup_gcc.d utils/am_util_stdio.o utils/am_util_stdio.d uart_fifo_timeout_gcc.elf uart_fifo_timeout_gcc src/uart_fifo_timeout.d utils/am_util_faultisr.o 
Cannot run program "\usr\bin\rm": Launching failed

Error: Program "\usr\bin\rm" not found in PATH
PATH=[C:\Program Files (x86)\Atollic\TrueSTUDIO for ARM 7.1.0\ARMTools\bin;C:\Program Files (x86)\Atollic\TrueSTUDIO for ARM 7.1.0\Tools;C:/Program Files (x86)/Atollic/TrueSTUDIO for ARM 7.1.0/ide/jre/bin/client;C:/Program Files (x86)/Atollic/TrueSTUDIO for ARM 7.1.0/ide/jre/bin;C:/Program Files (x86)/Atollic/TrueSTUDIO for ARM 7.1.0/ide/jre/lib/i386;C:\Program Files (x86)\WiX Toolset v3.8\bin;C:\AmbiqMicro\GCC\msys\bin;C:\ProgramData\Oracle\Java\javapath;C:\Windows\system32;C:\Windows;C:\Windows\System32\Wbem;C:\Windows\System32\WindowsPowerShell\v1.0;C:\Program Files (x86)\PuTTY;C:\cygwin\bin;C:\Program Files\TortoiseSVN\bin;C:\subversion\bin;C:\Python34;C:\doxygen\bin;C:\jenkins\backup\ambiqsuite-windows-installer\Tools\LaunchpadGCC\bin;C:\Keil_v5\UV4;C:\git\bin;C:\Program Files\Microsoft SQL Server\110\Tools\Binn;C:\AmbiqMicro\GCC\LaunchpadGCC\bin;C:\Program Files (x86)\IAR Systems\Embedded Workbench 8.0\common\bin;C:\Program Files (x86)\Notepad++;C:\Program Files (x86)\Atollic\TrueSTUDIO for ARM 7.1.0\ide\jre\bin\client;C:\Program Files (x86)\Atollic\TrueSTUDIO for ARM 7.1.0\ide\jre\bin;C:\Program Files (x86)\Atollic\TrueSTUDIO for ARM 7.1.0\ide\jre\lib\i386;C:\Program Files (x86)\Atollic\TrueSTUDIO for ARM 7.1.0\ide;C:\jenkins\jobs\ambiqsuite-checkout\workspace\ambiqsuite-sdk\boards\apollo2_evb\examples\uart_fifo_timeout\atollic_gcc]


11:01:41 Build Finished (took 66ms)

11:01:41 **** Clean-only build of configuration bin for project uart_fifo_timeout_gcc ****

11:01:41 Build Finished (took 6ms)

11:01:41 **** Rebuild of configuration bin for project uart_fifo_timeout_gcc ****
Info: Internal Builder is used for build
arm-atollic-eabi-gcc -c ..\..\..\..\..\..\utils\am_util_faultisr.c -mthumb -std=c99 -DAM_PACKAGE_BGA -DAM_PART_APOLLO2 -IC:/jenkins/jobs/ambiqsuite-checkout/workspace/ambiqsuite-sdk/boards/apollo2_evb/examples/uart_fifo_timeout/atollic_gcc/../src -IC:/jenkins/jobs/ambiqsuite-checkout/workspace/ambiqsuite-sdk/boards/apollo2_evb/examples/uart_fifo_timeout/atollic_gcc/../../../../../boards/apollo2_evb/bsp -IC:/jenkins/jobs/ambiqsuite-checkout/workspace/ambiqsuite-sdk/boards/apollo2_evb/examples/uart_fifo_timeout/atollic_gcc/../../../../../utils -IC:/jenkins/jobs/ambiqsuite-checkout/workspace/ambiqsuite-sdk/boards/apollo2_evb/examples/uart_fifo_timeout/atollic_gcc/../../../../../devices -IC:/jenkins/jobs/ambiqsuite-checkout/workspace/ambiqsuite-sdk/boards/apollo2_evb/examples/uart_fifo_timeout/atollic_gcc/../../../../../mcu/apollo2 -IC:/jenkins/jobs/ambiqsuite-checkout/workspace/ambiqsuite-sdk/boards/apollo2_evb/examples/uart_fifo_timeout/atollic_gcc/../../../../.. -O0 -g -Wall -mthumb -mcpu=cortex-m4 -mfpu=fpv4-sp-d16 -mfloat-abi=softfp -ffunction-sections -fdata-sections -MMD -MP -O0 -Dgcc -o utils\am_util_faultisr.o 
arm-atollic-eabi-gcc -c ..\..\src\uart_fifo_timeout.c -mthumb -std=c99 -DAM_PACKAGE_BGA -DAM_PART_APOLLO2 -IC:/jenkins/jobs/ambiqsuite-checkout/workspace/ambiqsuite-sdk/boards/apollo2_evb/examples/uart_fifo_timeout/atollic_gcc/../src -IC:/jenkins/jobs/ambiqsuite-checkout/workspace/ambiqsuite-sdk/boards/apollo2_evb/examples/uart_fifo_timeout/atollic_gcc/../../../../../boards/apollo2_evb/bsp -IC:/jenkins/jobs/ambiqsuite-checkout/workspace/ambiqsuite-sdk/boards/apollo2_evb/examples/uart_fifo_timeout/atollic_gcc/../../../../../utils -IC:/jenkins/jobs/ambiqsuite-checkout/workspace/ambiqsuite-sdk/boards/apollo2_evb/examples/uart_fifo_timeout/atollic_gcc/../../../../../devices -IC:/jenkins/jobs/ambiqsuite-checkout/workspace/ambiqsuite-sdk/boards/apollo2_evb/examples/uart_fifo_timeout/atollic_gcc/../../../../../mcu/apollo2 -IC:/jenkins/jobs/ambiqsuite-checkout/workspace/ambiqsuite-sdk/boards/apollo2_evb/examples/uart_fifo_timeout/atollic_gcc/../../../../.. -O0 -g -Wall -mthumb -mcpu=cortex-m4 -mfpu=fpv4-sp-d16 -mfloat-abi=softfp -ffunction-sections -fdata-sections -MMD -MP -O0 -Dgcc -o src\uart_fifo_timeout.o 
arm-atollic-eabi-gcc -c ..\startup_gcc.c -mthumb -std=c99 -DAM_PACKAGE_BGA -DAM_PART_APOLLO2 -IC:/jenkins/jobs/ambiqsuite-checkout/workspace/ambiqsuite-sdk/boards/apollo2_evb/examples/uart_fifo_timeout/atollic_gcc/../src -IC:/jenkins/jobs/ambiqsuite-checkout/workspace/ambiqsuite-sdk/boards/apollo2_evb/examples/uart_fifo_timeout/atollic_gcc/../../../../../boards/apollo2_evb/bsp -IC:/jenkins/jobs/ambiqsuite-checkout/workspace/ambiqsuite-sdk/boards/apollo2_evb/examples/uart_fifo_timeout/atollic_gcc/../../../../../utils -IC:/jenkins/jobs/ambiqsuite-checkout/workspace/ambiqsuite-sdk/boards/apollo2_evb/examples/uart_fifo_timeout/atollic_gcc/../../../../../devices -IC:/jenkins/jobs/ambiqsuite-checkout/workspace/ambiqsuite-sdk/boards/apollo2_evb/examples/uart_fifo_timeout/atollic_gcc/../../../../../mcu/apollo2 -IC:/jenkins/jobs/ambiqsuite-checkout/workspace/ambiqsuite-sdk/boards/apollo2_evb/examples/uart_fifo_timeout/atollic_gcc/../../../../.. -O0 -g -Wall -mthumb -mcpu=cortex-m4 -mfpu=fpv4-sp-d16 -mfloat-abi=softfp -ffunction-sections -fdata-sections -MMD -MP -O0 -Dgcc -o startup_gcc.o 
arm-atollic-eabi-gcc -c ..\..\..\..\..\..\utils\am_util_stdio.c -mthumb -std=c99 -DAM_PACKAGE_BGA -DAM_PART_APOLLO2 -IC:/jenkins/jobs/ambiqsuite-checkout/workspace/ambiqsuite-sdk/boards/apollo2_evb/examples/uart_fifo_timeout/atollic_gcc/../src -IC:/jenkins/jobs/ambiqsuite-checkout/workspace/ambiqsuite-sdk/boards/apollo2_evb/examples/uart_fifo_timeout/atollic_gcc/../../../../../boards/apollo2_evb/bsp -IC:/jenkins/jobs/ambiqsuite-checkout/workspace/ambiqsuite-sdk/boards/apollo2_evb/examples/uart_fifo_timeout/atollic_gcc/../../../../../utils -IC:/jenkins/jobs/ambiqsuite-checkout/workspace/ambiqsuite-sdk/boards/apollo2_evb/examples/uart_fifo_timeout/atollic_gcc/../../../../../devices -IC:/jenkins/jobs/ambiqsuite-checkout/workspace/ambiqsuite-sdk/boards/apollo2_evb/examples/uart_fifo_timeout/atollic_gcc/../../../../../mcu/apollo2 -IC:/jenkins/jobs/ambiqsuite-checkout/workspace/ambiqsuite-sdk/boards/apollo2_evb/examples/uart_fifo_timeout/atollic_gcc/../../../../.. -O0 -g -Wall -mthumb -mcpu=cortex-m4 -mfpu=fpv4-sp-d16 -mfloat-abi=softfp -ffunction-sections -fdata-sections -MMD -MP -O0 -Dgcc -o utils\am_util_stdio.o 
arm-atollic-eabi-gcc -c ..\..\..\..\..\..\utils\am_util_delay.c -mthumb -std=c99 -DAM_PACKAGE_BGA -DAM_PART_APOLLO2 -IC:/jenkins/jobs/ambiqsuite-checkout/workspace/ambiqsuite-sdk/boards/apollo2_evb/examples/uart_fifo_timeout/atollic_gcc/../src -IC:/jenkins/jobs/ambiqsuite-checkout/workspace/ambiqsuite-sdk/boards/apollo2_evb/examples/uart_fifo_timeout/atollic_gcc/../../../../../boards/apollo2_evb/bsp -IC:/jenkins/jobs/ambiqsuite-checkout/workspace/ambiqsuite-sdk/boards/apollo2_evb/examples/uart_fifo_timeout/atollic_gcc/../../../../../utils -IC:/jenkins/jobs/ambiqsuite-checkout/workspace/ambiqsuite-sdk/boards/apollo2_evb/examples/uart_fifo_timeout/atollic_gcc/../../../../../devices -IC:/jenkins/jobs/ambiqsuite-checkout/workspace/ambiqsuite-sdk/boards/apollo2_evb/examples/uart_fifo_timeout/atollic_gcc/../../../../../mcu/apollo2 -IC:/jenkins/jobs/ambiqsuite-checkout/workspace/ambiqsuite-sdk/boards/apollo2_evb/examples/uart_fifo_timeout/atollic_gcc/../../../../.. -O0 -g -Wall -mthumb -mcpu=cortex-m4 -mfpu=fpv4-sp-d16 -mfloat-abi=softfp -ffunction-sections -fdata-sections -MMD -MP -O0 -Dgcc -o utils\am_util_delay.o 
arm-atollic-eabi-gcc -o uart_fifo_timeout_gcc.elf src\uart_fifo_timeout.o startup_gcc.o utils\am_util_delay.o utils\am_util_faultisr.o utils\am_util_stdio.o ..\..\..\..\bsp\atollic_gcc\bin\libam_bsp_gcc.a ..\..\..\..\..\..\mcu\apollo2\hal\atollic_gcc\bin\libam_hal_gcc.a -TC:/jenkins/jobs/ambiqsuite-checkout/workspace/ambiqsuite-sdk/boards/apollo2_evb/examples/uart_fifo_timeout/atollic_gcc/uart_fifo_timeout.ld -mthumb -mcpu=cortex-m4 -mfpu=fpv4-sp-d16 -mfloat-abi=softfp -nostartfiles -static -Wl,--gc-sections,--entry,am_reset_isr,-Map,C:/jenkins/jobs/ambiqsuite-checkout/workspace/ambiqsuite-sdk/boards/apollo2_evb/examples/uart_fifo_timeout/atollic_gcc/bin/uart_fifo_timeout_gcc.map -Wl,--start-group -lm -lc -lgcc -Wl,--end-group 
C:\Program Files (x86)\Atollic\TrueSTUDIO for ARM 7.1.0\ide\jre\bin\java -jar C:\Program Files (x86)\Atollic\TrueSTUDIO for ARM 7.1.0\Tools\arm-atollic-reports.jar sizeinfo list C:\jenkins\jobs\ambiqsuite-checkout\workspace\ambiqsuite-sdk\boards\apollo2_evb\examples\uart_fifo_timeout\atollic_gcc\bin\uart_fifo_timeout_gcc.elf 
Generate build reports...
Print size information
   text	   data	    bss	    dec	    hex	filename
   9540	    100	   5048	  14688	   3960	C:\jenkins\jobs\ambiqsuite-checkout\workspace\ambiqsuite-sdk\boards\apollo2_evb\examples\uart_fifo_timeout\atollic_gcc\bin\uart_fifo_timeout_gcc.elf
Print size information done
Generate listing file
Output sent to: C:\jenkins\jobs\ambiqsuite-checkout\workspace\ambiqsuite-sdk\boards\apollo2_evb\examples\uart_fifo_timeout\atollic_gcc\bin\uart_fifo_timeout_gcc.list
Generate listing file done
Generate build reports done
arm-atollic-eabi-objcopy -Obinary uart_fifo_timeout_gcc.elf uart_fifo_timeout_gcc.bin 
Info: Parallel threads used: 4

11:01:42 Build Finished (took 948ms)

